Security Check Results
IP Address: 172.31.41.63
Execution Date: Wed May 29 04:19:16 UTC 2024
---------------------------------------
Executing U-01.sh at 2024-05-29 04:19:16...
---------------------------------------
Script: U-01.sh
Start Time: 2024-05-29 04:19:16
---------------------------------------
========================================================================
[36m[U-01] root ê³„ì • ì›ê²© ì ‘ì† ì œí•œ[0m
[ì–‘í˜¸]: ì›ê²© ì„œë¹„ìŠ¤ë¥¼ ì‚¬ìš©í•˜ì§€ ì•Šê±°ë‚˜ ì‚¬ìš©ì‹œ ì§ì ‘ ì ‘ì†ì„ ì°¨ë‹¨í•œ ê²½ìš°
[ì·¨ì•½]: root ì§ì ‘ ì ‘ì†ì„ í—ˆìš©í•˜ê³  ì›ê²© ì„œë¹„ìŠ¤ë¥¼ ì‚¬ìš©í•˜ëŠ” ê²½ìš°
========================================================================
[32m[ ì–‘í˜¸ ] : Remote Service is deactivated.[0m


---------------------------------------
End Time: 2024-05-29 04:19:16
U-01.sh completed.
---------------------------------------
Executing U-02.sh at 2024-05-29 04:19:16...
---------------------------------------
Script: U-02.sh
Start Time: 2024-05-29 04:19:16
---------------------------------------

ë‹¤ìŒì€ /etc/security/pwquality.conf íŒŒì¼ì„ í•´ì„í•  ë•Œ ì‚¬ìš©í•˜ëŠ” ë‚´ìš©ì…ë‹ˆë‹¤
cat: /etc/security/pwquality.conf: No such file or directory
grep: /etc/security/pwquality.conf.copy: No such file or directory
========================================================================
[36m[U-02] íŒ¨ìŠ¤ì›Œë“œ ë³µì¡ì„± ê²€ì‚¬[0m
[ì–‘í˜¸]: ì˜ë¬¸ ìˆ«ì íŠ¹ìˆ˜ë¬¸ìê°€ í˜¼í•©ëœ 8 ê¸€ì ì´ìƒì˜ íŒ¨ìŠ¤ì›Œë“œê°€ ì„¤ì •ëœ ê²½ìš°.
[ì·¨ì•½]: ì˜ë¬¸ ìˆ«ì íŠ¹ìˆ˜ë¬¸ì í˜¼í•©ë˜ì§€ ì•Šì€ 8 ê¸€ì ë¯¸ë§Œì˜ íŒ¨ìŠ¤ì›Œë“œê°€ ì„¤ì •ëœ ê²½ìš°.
========================================================================
[35m[ ì •ë³´ ] : U-02.log íŒŒì¼ì„ ì ê²€í•œë‹¤[0m
[31m[ ì·¨ì•½ ] : íŒ¨ìŠ¤ì›Œë“œì˜ ìµœì†Œ ê¸¸ì´ ì„¤ì •ì´ 8 ê¸€ì ë¯¸ë§Œìœ¼ë¡œ ë˜ì–´ ìˆìŒ![0m

---------------------------------------
End Time: 2024-05-29 04:19:16
U-02.sh completed.
---------------------------------------
Executing U-03.sh at 2024-05-29 04:19:16...
---------------------------------------
Script: U-03.sh
Start Time: 2024-05-29 04:19:16
---------------------------------------
grep: /etc/pam.d/system-auth: No such file or directory
grep: /etc/pam.d/system-auth: No such file or directory
========================================================================
[36m[U-03] ê³„ì • ì ê¸ˆ ì„ê³„ê°’ ì„¤ì •[0m
[ì–‘í˜¸]: ê³„ì • ì ê¸ˆ ì„ê³„ê°’ì´ 5ì´í•˜ì˜ ê°’ìœ¼ë¡œ ì„¤ì •ë˜ì–´ ìˆëŠ” ê²½ìš°
[ì·¨ì•½]: ê³„ì • ì ê¸ˆ ì„ê³„ê°’ì´ ì„¤ì •ë˜ì–´ ìˆì§€ ì•Šê±°ë‚˜, 5ì´í•˜ì˜ ê°’ìœ¼ë¡œ ì„¤ì •ë˜ì§€ ì•Šì€ ê²½ìš°
========================================================================
[31m[ ì·¨ì•½ ] : ê³„ì • ì ê¸ˆ ì„ê³„ê°’ì´ ì„¤ì •ë˜ì–´ ìˆì§€ ì•Šê±°ë‚˜, 5 ì´í•˜ì˜ ê°’ìœ¼ë¡œ ì„¤ì •ë˜ì§€ ì•Šì€ ê²½ìš° ì…ë‹ˆë‹¤.[0m


---------------------------------------
End Time: 2024-05-29 04:19:16
U-03.sh completed.
---------------------------------------
Executing U-04.sh at 2024-05-29 04:19:16...
---------------------------------------
Script: U-04.sh
Start Time: 2024-05-29 04:19:16
---------------------------------------
========================================================================
[36m[U-04] íŒ¨ìŠ¤ì›Œë“œ íŒŒì¼ ë³´í˜¸[0m
[ì–‘í˜¸]: ì‰ë„ìš° íŒ¨ìŠ¤ì›Œë“œë¥¼ ì‚¬ìš©í•˜ê±°ë‚˜, íŒ¨ìŠ¤ì›Œë“œë¥¼ ì•”í˜¸í™”í•˜ì—¬ ì €ì¥í•˜ëŠ” ê²½ìš°
[ì·¨ì•½]: ì‰ë„ìš° íŒ¨ìŠ¤ì›Œë“œë¥¼ ì‚¬ìš©í•˜ì§€ ì•Šê³ , íŒ¨ìŠ¤ì›Œë“œë¥¼ ì•”í˜¸í™”í•˜ì—¬ ì €ì¥í•˜ì§€ ì•ŠëŠ” ê²½ìš°
========================================================================
[31m[ ì·¨ì•½ ] : ì‰ë„ìš° íŒ¨ìŠ¤ì›Œë“œë¥¼ ì‚¬ìš©í•˜ì§€ë§Œ, íŒ¨ìŠ¤ì›Œë“œê°€ ì•”í˜¸í™” ë˜ì–´ ìˆì§€ ì•ŠìŠµë‹ˆë‹¤.[0m


---------------------------------------
End Time: 2024-05-29 04:19:16
U-04.sh completed.
---------------------------------------
Executing U-05.sh at 2024-05-29 04:19:16...
---------------------------------------
Script: U-05.sh
Start Time: 2024-05-29 04:19:16
---------------------------------------
awk: fatal: cannot open file `passwd' for reading: No such file or directory
========================================================================
[36m[U-05] root ì´ì™¸ì˜ UIDê°€ 0 ê¸ˆì§€[0m
[ì–‘í˜¸]: root ê³„ì •ê³¼ ë™ì¼í•œ UIDë¥¼ ê°–ëŠ” ê³„ì •ì´ ì¡´ì¬í•˜ì§€ ì•ŠëŠ” ê²½ìš°
[ì·¨ì•½]: root ê³„ì •ê³¼ ë™ì¼í•œ UIDë¥¼ ê°–ëŠ” ê³„ì •ì´ ì¡´ì¬í•˜ëŠ” ê²½ìš°
========================================================================
[32m[ ì–‘í˜¸ ] : root ê³„ì •ê³¼ ë™ì¼í•œ UIDë¥¼ ê°–ëŠ” ê³„ì •ì€ ì—†ìŠµë‹ˆë‹¤.[0m


---------------------------------------
End Time: 2024-05-29 04:19:16
U-05.sh completed.
---------------------------------------
Executing U-06.sh at 2024-05-29 04:19:16...
---------------------------------------
Script: U-06.sh
Start Time: 2024-05-29 04:19:16
---------------------------------------
========================================================================
[36m[U-06] root ê³„ì • su ì œí•œ[0m
[ì–‘í˜¸]: su ëª…ë ¹ì–´ë¥¼ íŠ¹ì • ê·¸ë£¹ì— ì†í•œ ì‚¬ìš©ìë§Œ ì‚¬ìš©í•˜ë„ë¡ ì œí•œë˜ì–´ ìˆëŠ” ê²½ìš°
[ì·¨ì•½]: su ëª…ë ¹ì–´ë¥¼ ëª¨ë“  ì‚¬ìš©ìê°€ ì‚¬ìš©í•˜ë„ë¡ ì„¤ì •ë˜ì–´ ìˆëŠ” ê²½ìš°
========================================================================
[31m[ ì·¨ì•½ ] : su ëª…ë ¹ì–´ë¥¼ ëª¨ë“  ì‚¬ìš©ìê°€ ì‚¬ìš©í•˜ë„ë¡ ì„¤ì •ë˜ì–´ ìˆëŠ” ê²½ìš°ì…ë‹ˆë‹¤.[0m


---------------------------------------
End Time: 2024-05-29 04:19:16
U-06.sh completed.
---------------------------------------
Executing U-07.sh at 2024-05-29 04:19:16...
---------------------------------------
Script: U-07.sh
Start Time: 2024-05-29 04:19:16
---------------------------------------
========================================================================
[36m[U-07] íŒ¨ìŠ¤ì›Œë“œ ìµœì†Œ ê¸¸ì´ ì„¤ì •[0m
[ì–‘í˜¸]: íŒ¨ìŠ¤ì›Œë“œ ìµœì†Œ ê¸¸ì´ê°€ 8ì ì´ìƒìœ¼ë¡œ ì„¤ì •ë˜ì–´ ìˆëŠ” ê²½ìš°
[ì·¨ì•½]: íŒ¨ìŠ¤ì›Œë“œ ìµœì†Œ ê¸¸ì´ê°€ 8ì ë¯¸ë§Œìœ¼ë¡œ ì„¤ì •ë˜ì–´ ìˆëŠ” ê²½ìš°
========================================================================
[32m[ ì–‘í˜¸ ] : íŒ¨ìŠ¤ì›Œë“œ ìµœì†Œ ê¸¸ì´ê°€ 8ì ì´ìƒìœ¼ë¡œ ì„¤ì •ë˜ì–´ ìˆìŠµë‹ˆë‹¤.[0m
[35m[ ì •ë³´ ] : PASS_MIN_LEN 8[0m


---------------------------------------
End Time: 2024-05-29 04:19:17
U-07.sh completed.
---------------------------------------
Executing U-08.sh at 2024-05-29 04:19:17...
---------------------------------------
Script: U-08.sh
Start Time: 2024-05-29 04:19:17
---------------------------------------
========================================================================
[36m[U-07] íŒ¨ìŠ¤ì›Œë“œ ìµœì†Œ ê¸¸ì´ ì„¤ì •[0m
[ì–‘í˜¸]: íŒ¨ìŠ¤ì›Œë“œ ìµœëŒ€ ì‚¬ìš©ê¸°ê°„ì´ 90ì¼(12ì£¼) ì´í•˜ë¡œ ì„¤ì •ë˜ì–´ ìˆëŠ” ê²½ìš°
[ì·¨ì•½]: íŒ¨ìŠ¤ì›Œë“œ ìµœëŒ€ ì‚¬ìš©ê¸°ê°„ì´ 90ì¼(12ì£¼) ì´í•˜ë¡œ ì„¤ì •ë˜ì–´ ìˆì§€ ì•Šì€ ê²½ìš°
========================================================================
[32m[ ì–‘í˜¸ ] : íŒ¨ìŠ¤ì›Œë“œ ìµœëŒ€ ì‚¬ìš©ê¸°ê°„ì´ 90ì¼(12ì£¼) ì´í•˜ë¡œ ì„¤ì •ë˜ì–´ ìˆìŠµë‹ˆë‹¤.[0m


---------------------------------------
End Time: 2024-05-29 04:19:17
U-08.sh completed.
---------------------------------------
Executing U-09.sh at 2024-05-29 04:19:17...
---------------------------------------
Script: U-09.sh
Start Time: 2024-05-29 04:19:17
---------------------------------------
========================================================================
[36m[U-09] íŒ¨ìŠ¤ì›Œë“œ ìµœì†Œ ì‚¬ìš©ê¸°ê°„ ì„¤ì •[0m
[ì–‘í˜¸]: íŒ¨ìŠ¤ì›Œë“œ ìµœì†Œ ì‚¬ìš©ê¸°ê°„ì´ 1ì¼(1ì£¼)ë¡œ ì„¤ì •ë˜ì–´ ìˆëŠ” ê²½ìš°
[ì·¨ì•½]: íŒ¨ìŠ¤ì›Œë“œ ìµœì†Œ ì‚¬ìš©ê¸°ê°„ì´ ì„¤ì •ë˜ì–´ ìˆì§€ ì•ŠëŠ” ê²½ìš°
========================================================================
[31m[ ì·¨ì•½ ] : íŒ¨ìŠ¤ì›Œë“œ ìµœì†Œ ì‚¬ìš©ê¸°ê°„ì´ 1ì¼(1ì£¼)ë¡œ ì„¤ì • ë˜ì–´ ìˆì§€ ì•ŠìŠµë‹ˆë‹¤.[0m
[35m[ ì •ë³´ ] : U-09.log íŒŒì¼ì„ ì°¸ê³  í•˜ì„¸ìš”.[0m


---------------------------------------
End Time: 2024-05-29 04:19:17
U-09.sh completed.
---------------------------------------
Executing U-10.sh at 2024-05-29 04:19:17...
---------------------------------------
Script: U-10.sh
Start Time: 2024-05-29 04:19:17
---------------------------------------
cat: /var/log/secure: No such file or directory
========================================================================
[36m[U-10] ë¶ˆí•„ìš”í•œ ê³„ì • ì œê±°[0m
[ì–‘í˜¸]: ë¶ˆí•„ìš”í•œ ê³„ì •ì´ ì¡´ì¬í•˜ì§€ ì•ŠëŠ” ê²½ìš°
[ì·¨ì•½]: ë¶ˆí•„ìš”í•œ ê³„ì •ì´ ì¡´ì¬í•˜ëŠ” ê²½ìš°
========================================================================
[35m[ ì •ë³´ ] : U-10.log íŒŒì¼ì„ ì ê²€ í•˜ì„¸ìš”.[0m


---------------------------------------
End Time: 2024-05-29 04:19:17
U-10.sh completed.
---------------------------------------
Executing U-11.sh at 2024-05-29 04:19:17...
---------------------------------------
Script: U-11.sh
Start Time: 2024-05-29 04:19:17
---------------------------------------

========================================================================
[36m[U-11] ê´€ë¦¬ì ê·¸ë£¹ì— ìµœì†Œí•œì˜ ê³„ì • í¬í•¨[0m
ì–‘í˜¸: ê´€ë¦¬ì ê·¸ë£¹ì— ë¶ˆí•„ìš”í•œ ê³„ì •ì´ ë“±ë¡ë˜ì–´ ìˆì§€ ì•Šì€ ê²½ìš°
ì·¨ì•½: ê´€ë¦¬ì ê·¸ë£¹ì— ë¶ˆí•„ìš”í•œ ê³„ì •ì´ ë“±ë¡ë˜ì–´ ìˆëŠ” ê²½ìš°
========================================================================
[35m[ ì •ë³´ ] : U-11.log íŒŒì¼ì„ ì°¸ê³ í•˜ì—¬ ê³ ê°ê³¼ ìƒì˜í•´ ì£¼ì„¸ìš”.[0m


---------------------------------------
End Time: 2024-05-29 04:19:17
U-11.sh completed.
---------------------------------------
Executing U-12.sh at 2024-05-29 04:19:17...
---------------------------------------
Script: U-12.sh
Start Time: 2024-05-29 04:19:17
---------------------------------------
========================================================================
[36m[U-12] ê³„ì •ì´ ì¡´ì¬í•˜ì§€ ì•ŠëŠ” GID ê¸ˆì§€[0m
ì–‘í˜¸: ì¡´ì¬í•˜ì§€ ì•ŠëŠ” ê³„ì •ì— GID ì„¤ì •ì„ ê¸ˆì§€í•œ ê²½ìš°
ì·¨ì•½: ì¡´ì¬í•˜ì§€ ì•Šì€ ê³„ì •ì— GID ì„¤ì •ì´ ë˜ì–´ìˆëŠ” ê²½ìš°
========================================================================
[31m[ ì·¨ì•½ ] : ì¡´ì¬í•˜ì§€ ì•ŠëŠ” ê³„ì •ì— GID ì„¤ì •ì´ ë˜ì–´ ìˆìŠµë‹ˆë‹¤.[0m
[35m[ ì •ë³´ ] : U-12.log íŒŒì¼ì„ ì°¸ê³ í•©ë‹ˆë‹¤.[0m


---------------------------------------
End Time: 2024-05-29 04:19:17
U-12.sh completed.
---------------------------------------
Executing U-13.sh at 2024-05-29 04:19:17...
---------------------------------------
Script: U-13.sh
Start Time: 2024-05-29 04:19:17
---------------------------------------
awk: fatal: cannot open file `/root/scripts/passwd' for reading: No such file or directory
========================================================================
[36m[U-13] ë™ì¼í•œ UID ê¸ˆì§€[0m
ì–‘í˜¸: ë™ì¼í•œ UIDë¡œ ì„¤ì •ëœ ì‚¬ìš©ì ê³„ì •ì´ ì¡´ì¬í•˜ì§€ ì•ŠëŠ” ê²½ìš°
ì·¨ì•½: ë™ì¼í•œ UIDë¡œ ì„¤ì •ëœ ì‚¬ìš©ì ê³„ì •ì´ ì¡´ì¬í•˜ëŠ” ê²½ìš°
========================================================================
[32m[ ì–‘í˜¸ ] : ë™ì¼í•œ UID ë¡œ ì„¤ì •ëœ ì‚¬ìš©ì ê³„ì •ì´ ì¡´ì¬í•˜ì§€ ì•ŠìŠµë‹ˆë‹¤.[0m


---------------------------------------
End Time: 2024-05-29 04:19:17
U-13.sh completed.
---------------------------------------
Executing U-14.sh at 2024-05-29 04:19:17...
---------------------------------------
Script: U-14.sh
Start Time: 2024-05-29 04:19:17
---------------------------------------
========================================================================
[36m[U-14] ì‚¬ìš©ì shell ì ê²€[0m
[ì·¨ì•½]: ë¡œê·¸ì¸ì´ í•„ìš”í•˜ì§€ ì•Šì€ ê³„ì •ì— /bin/false(nologin) ì‰˜ì´ ë¶€ì—¬ë˜ì–´ ìˆëŠ” ê²½ìš°
[ì–‘í˜¸]: ë¡œê·¸ì¸ì´ í•„ìš”í•˜ì§€ ì•Šì€ ê³„ì •ì— /bin/false(nologin) ì‰˜ì´ ë¶€ì—¬ë˜ì§€ ì•Šì€ ê²½ìš°
========================================================================
[31m[ ì·¨ì•½ ] : ë¡œê·¸ì¸ì´ í•„ìš”í•˜ì§€ ì•Šì€ ê³„ì •ì— ë¡œê·¸ì¸ ì‰˜ì´ ë¶€ì—¬ë˜ì–´ ìˆìŠµë‹ˆë‹¤.[0m
[35m[ ì •ë³´ ] : U-14.log íŒŒì¼ì˜ ë‚´ìš©ì„ ì°¸ê³ í•˜ì‹­ì‹œì˜¤.[0m


---------------------------------------
End Time: 2024-05-29 04:19:17
U-14.sh completed.
---------------------------------------
Executing U-15.sh at 2024-05-29 04:19:17...
---------------------------------------
Script: U-15.sh
Start Time: 2024-05-29 04:19:17
---------------------------------------
su: cannot open session: Permission denied
========================================================================
[36m[U-15] Session Timeout ì„¤ì •[0m
[ì–‘í˜¸]: Session Timeoutì´ 600ì´ˆ(10ë¶„) ì´í•˜ë¡œ ì„¤ì •ë˜ì–´ ìˆëŠ” ê²½ìš°
[ì·¨ì•½]: Session Timeoutì´ 600ì´ˆ(10ë¶„) ì´í•˜ë¡œ ì„¤ì •ë˜ì§€ ì•Šì€ ê²½ìš°
========================================================================
[31m[ ì·¨ì•½ ] : Session TimeOut ì´ ì—†ê±°ë‚˜ 600ì´ˆ(10ë¶„) ì´í•˜ë¡œ ì„¤ì •ë˜ì§€ ì•Šì€ ê²½ìš°[0m
[35m[ ì •ë³´ ] : U-15.log íŒŒì¼ì˜ ë‚´ìš©ì„ ì°¸ê³ í•©ë‹ˆë‹¤.[0m


---------------------------------------
End Time: 2024-05-29 04:19:17
U-15.sh completed.
---------------------------------------
Executing U-16.sh at 2024-05-29 04:19:17...
---------------------------------------
Script: U-16.sh
Start Time: 2024-05-29 04:19:17
---------------------------------------
su: cannot open session: Permission denied
========================================================================
[36m[U-16] root í™ˆ, íŒ¨ìŠ¤(PATH) ë””ë ‰í† ë¦¬ ê¶Œí•œ ë° íŒ¨ìŠ¤(PATH) ì„¤ì •[0m
[ì–‘í˜¸]: PATH í™˜ê²½ë³€ìˆ˜ì— "." ì´ ë§¨ ì•ì´ë‚˜ ì¤‘ê°„ì— í¬í•¨ë˜ì§€ ì•Šì€ ê²½ìš°
[ì·¨ì•½]: PATH í™˜ê²½ë³€ìˆ˜ì— "." ì´ ë§¨ ì•ì´ë‚˜ ì¤‘ê°„ì— í¬í•¨ë˜ì–´ ìˆëŠ” ê²½ìš°
========================================================================
[32m[ ì–‘í˜¸ ] : PATH í™˜ê²½ë³€ìˆ˜ì— . ì´ ë§¨ ì•ì´ë‚˜ ì¤‘ê°„ì— í¬í•¨ë˜ì§€ ì•Šì•˜ìŠµë‹ˆë‹¤.[0m


---------------------------------------
End Time: 2024-05-29 04:19:17
U-16.sh completed.
---------------------------------------
Executing U-17.sh at 2024-05-29 04:19:17...
---------------------------------------
Script: U-17.sh
Start Time: 2024-05-29 04:19:17
---------------------------------------
[U-17] Checking.... Please wait....
========================================================================
[36m[U-17] íŒŒì¼ ë° ë””ë ‰í† ë¦¬ ì†Œìœ ì ì„¤ì •[0m
[ì–‘í˜¸]: ì†Œìœ ìê°€ ì¡´ì¬í•˜ì§€ ì•Šì€ íŒŒì¼ ë° ë””ë ‰í„°ë¦¬ê°€ ì¡´ì¬í•˜ì§€ ì•ŠëŠ” ê²½ìš°
[ì·¨ì•½]: ì†Œìœ ìê°€ ì¡´ì¬í•˜ì§€ ì•Šì€ íŒŒì¼ ë° ë””ë ‰í„°ë¦¬ê°€ ì¡´ì¬í•˜ëŠ” ê²½ìš°
========================================================================
[32m[ ì–‘í˜¸ ] : ì†Œìœ ìê°€ ì¡´ì¬í•˜ì§€ ì•Šì€ íŒŒì¼ ë° ë””ë ‰í† ë¦¬ê°€ ì—†ìŠµë‹ˆë‹¤.[0m


---------------------------------------
End Time: 2024-05-29 04:19:26
U-17.sh completed.
---------------------------------------
Executing U-18.sh at 2024-05-29 04:19:26...
---------------------------------------
Script: U-18.sh
Start Time: 2024-05-29 04:19:26
---------------------------------------

========================================================================
[36m[U-18] /etc/passwd íŒŒì¼ ì†Œìœ ì ë° ê¶Œí•œ ì„¤ì •[0m
[ ì–‘í˜¸ ] : /etc/passwd íŒŒì¼ì˜ ì†Œìœ ìê°€ rootì´ê³ , ê¶Œí•œì´ 644 ì´í•˜ì¸ ê²½ìš°
[ ì·¨ì•½ ] : /etc/passwd íŒŒì¼ì˜ ì†Œìœ ìê°€ rootê°€ ì•„ë‹ˆê±°ë‚˜, ê¶Œí•œì´ 644 ì´í•˜ê°€ ì•„ë‹Œ ê²½ìš°
========================================================================
[35m[ ì •ë³´ ] : /etc/passwd íŒŒì¼ì´ ì¡´ì¬í•˜ë©° ì†Œìœ ìì™€ ê¶Œí•œì„ ì²´í¬í•©ë‹ˆë‹¤.[0m
[32m[ ì–‘í˜¸ ] : íŒŒì¼ì˜ ì†Œìœ ìê°€ root ì…ë‹ˆë‹¤.[0m
[31m[ ì·¨ì•½ ] : íŒŒì¼ì˜ ê¶Œí•œì´ 644 ì´ìƒìœ¼ë¡œ ë˜ì–´ ìˆìŠµë‹ˆë‹¤.[0m
[35m[ ì •ë³´ ] : ê¶Œí•œ ì„¤ì • ìƒíƒœëŠ” U-18.log íŒŒì¼ì—ì„œ í™•ì¸í•˜ì„¸ìš”.[0m


---------------------------------------
End Time: 2024-05-29 04:19:26
U-18.sh completed.
---------------------------------------
Executing U-19.sh at 2024-05-29 04:19:26...
---------------------------------------
Script: U-19.sh
Start Time: 2024-05-29 04:19:26
---------------------------------------
cat: sperm.list: No such file or directory
========================================================================
[36m[U-19] /etc/shadow íŒŒì¼ ì†Œìœ ì ë° ê¶Œí•œ ì„¤ì •[0m
[ì–‘í˜¸]: /etc/shadow íŒŒì¼ì˜ ì†Œìœ ìê°€ rootì´ê³ , ê¶Œí•œì´ 400ì¸ ê²½ìš°
[ì·¨ì•½]: /etc/shadow íŒŒì¼ì˜ ì†Œìœ ìê°€ rootê°€ ì•„ë‹ˆê±°ë‚˜, ê¶Œí•œì´ 400ì´ ì•„ë‹Œ ê²½ìš°
========================================================================
[32m[ ì–‘í˜¸ ] : íŒŒì¼ì˜ ì†Œìœ ìê°€ rootì´ê³  ê¶Œí•œì´ 400ì¸ ê²½ìš° ì…ë‹ˆë‹¤.[0m
[35m[ ì •ë³´ ] : ìì„¸í•œ ì •ë³´ëŠ” U-19.log íŒŒì¼ì„ ì°¸ê³ í•´ ì£¼ì„¸ìš”.[0m


---------------------------------------
End Time: 2024-05-29 04:19:26
U-19.sh completed.
---------------------------------------
Executing U-20.sh at 2024-05-29 04:19:26...
---------------------------------------
Script: U-20.sh
Start Time: 2024-05-29 04:19:26
---------------------------------------
cat: hperm.list: No such file or directory
========================================================================
[36m[U-20] /etc/hosts íŒŒì¼ ì†Œìœ ì ë° ê¶Œí•œ ì„¤ì •.[0m
[ì–‘í˜¸]: /etc/hosts íŒŒì¼ì˜ ì†Œìœ ìê°€ rootì´ê³ , ê¶Œí•œì´ 600ì¸ ê²½ìš°
[ì·¨ì•½]: /etc/hosts íŒŒì¼ì˜ ì†Œìœ ìê°€ rootê°€ ì•„ë‹ˆê±°ë‚˜, ê¶Œí•œì´ 600ì´ ì•„ë‹Œ ê²½ìš°
========================================================================
[32m[ ì–‘í˜¸ ] : etc/hosts íŒŒì¼ì˜ ì†Œìœ ìê°€ rootì´ê³ , ê¶Œí•œì´ 600ì¸ ê²½ìš°[0m
[35m[ ì •ë³´ ] : ìì„¸í•œ ë‚´ìš©ì€ U-20.log íŒŒì¼ì„ í™•ì¸ í•˜ì„¸ìš”.[0m


---------------------------------------
End Time: 2024-05-29 04:19:26
U-20.sh completed.
---------------------------------------
Executing U-21.sh at 2024-05-29 04:19:26...
---------------------------------------
Script: U-21.sh
Start Time: 2024-05-29 04:19:26
---------------------------------------
U-21.sh: line 14: ./check_perm.sh: Permission denied
---------------------------------------
End Time: 2024-05-29 04:19:26
U-21.sh completed.
---------------------------------------
Executing U-22.sh at 2024-05-29 04:19:26...
---------------------------------------
Script: U-22.sh
Start Time: 2024-05-29 04:19:26
---------------------------------------
U-22.sh: line 14: ./check_perm.sh: Permission denied
---------------------------------------
End Time: 2024-05-29 04:19:26
U-22.sh completed.
---------------------------------------
Executing U-23.sh at 2024-05-29 04:19:26...
---------------------------------------
Script: U-23.sh
Start Time: 2024-05-29 04:19:26
---------------------------------------
U-23.sh: line 14: ./check_perm.sh: Permission denied
---------------------------------------
End Time: 2024-05-29 04:19:26
U-23.sh completed.
---------------------------------------
Executing U-24.sh at 2024-05-29 04:19:26...
---------------------------------------
Script: U-24.sh
Start Time: 2024-05-29 04:19:26
---------------------------------------
U-24.sh: line 4: ./log/U-24.log: No such file or directory
U-24.sh: line 12: ./log/U-24.log: No such file or directory
---------------------------------------
End Time: 2024-05-29 04:19:26
U-24.sh completed.
---------------------------------------
Executing U-25.sh at 2024-05-29 04:19:26...
---------------------------------------
Script: U-25.sh
Start Time: 2024-05-29 04:19:26
---------------------------------------
ls: cannot access '/home/lxd': No such file or directory
---------------------------------------
End Time: 2024-05-29 04:19:26
U-25.sh completed.
---------------------------------------
Executing U-26.sh at 2024-05-29 04:19:26...
---------------------------------------
Script: U-26.sh
Start Time: 2024-05-29 04:19:26
---------------------------------------
U-26.sh: line 4: ./log/U-26.log: No such file or directory
U-26.sh: line 18: ./log/U-26.log: No such file or directory
U-26.sh: line 18: ./log/U-26.log: No such file or directory
U-26.sh: line 18: ./log/U-26.log: No such file or directory
U-26.sh: line 18: ./log/U-26.log: No such file or directory
U-26.sh: line 18: ./log/U-26.log: No such file or directory
U-26.sh: line 18: ./log/U-26.log: No such file or directory
---------------------------------------
End Time: 2024-05-29 04:19:29
U-26.sh completed.
---------------------------------------
Executing U-27.sh at 2024-05-29 04:19:29...
---------------------------------------
Script: U-27.sh
Start Time: 2024-05-29 04:19:29
---------------------------------------
U-27.sh: line 4: ./log/U-27.log: No such file or directory
U-27.sh: line 12: ./log/U-27.log: No such file or directory
---------------------------------------
End Time: 2024-05-29 04:19:29
U-27.sh completed.
---------------------------------------
Executing U-28.sh at 2024-05-29 04:19:29...
---------------------------------------
Script: U-28.sh
Start Time: 2024-05-29 04:19:29
---------------------------------------
---------------------------------------
End Time: 2024-05-29 04:19:29
U-28.sh completed.
---------------------------------------
Executing U-29.sh at 2024-05-29 04:19:29...
---------------------------------------
Script: U-29.sh
Start Time: 2024-05-29 04:19:29
---------------------------------------
---------------------------------------
End Time: 2024-05-29 04:19:29
U-29.sh completed.
---------------------------------------
Executing U-30.sh at 2024-05-29 04:19:29...
---------------------------------------
Script: U-30.sh
Start Time: 2024-05-29 04:19:29
---------------------------------------
U-30.sh: line 14: ./check_perm.sh: Permission denied
---------------------------------------
End Time: 2024-05-29 04:19:29
U-30.sh completed.
---------------------------------------
Executing U-31.sh at 2024-05-29 04:19:29...
---------------------------------------
Script: U-31.sh
Start Time: 2024-05-29 04:19:29
---------------------------------------
---------------------------------------
End Time: 2024-05-29 04:19:29
U-31.sh completed.
---------------------------------------
Executing U-32.sh at 2024-05-29 04:19:29...
---------------------------------------
Script: U-32.sh
Start Time: 2024-05-29 04:19:29
---------------------------------------
---------------------------------------
End Time: 2024-05-29 04:19:29
U-32.sh completed.
---------------------------------------
Executing U-33.sh at 2024-05-29 04:19:29...
---------------------------------------
Script: U-33.sh
Start Time: 2024-05-29 04:19:29
---------------------------------------
---------------------------------------
End Time: 2024-05-29 04:19:29
U-33.sh completed.
---------------------------------------
Executing U-34.sh at 2024-05-29 04:19:29...
---------------------------------------
Script: U-34.sh
Start Time: 2024-05-29 04:19:29
---------------------------------------
---------------------------------------
End Time: 2024-05-29 04:19:29
U-34.sh completed.
---------------------------------------
Executing U-35.sh at 2024-05-29 04:19:29...
---------------------------------------
Script: U-35.sh
Start Time: 2024-05-29 04:19:29
---------------------------------------
U-35.sh: line 4: ./log/U-35.log: No such file or directory
U-35.sh: line 12: ./log/U-35.log: No such file or directory
---------------------------------------
End Time: 2024-05-29 04:19:29
U-35.sh completed.
---------------------------------------
Executing U-36.sh at 2024-05-29 04:19:29...
---------------------------------------
Script: U-36.sh
Start Time: 2024-05-29 04:19:29
---------------------------------------
========================================================================
[36m[U-36] finger ì„œë¹„ìŠ¤ ë¹„í™œì„±í™”[0m
[ì–‘í˜¸]: Finger ì„œë¹„ìŠ¤ê°€ ë¹„í™œì„±í™” ë˜ì–´ ìˆëŠ” ê²½ìš°
[ì·¨ì•½]: Finger ì„œë¹„ìŠ¤ê°€ í™œì„±í™” ë˜ì–´ ìˆëŠ” ê²½ìš°
========================================================================
[35m[ ì •ë³´ ] : Finger ì„œë¹„ìŠ¤ê°€ ì„¤ì¹˜ë˜ì–´ ìˆìŠµë‹ˆë‹¤.[0m
[32m[ ì–‘í˜¸ ] : ì„œë¹„ìŠ¤ê°€ ë¹„í™œì„±í™” ë˜ì–´ ìˆìŠµë‹ˆë‹¤.[0m


---------------------------------------
End Time: 2024-05-29 04:19:30
U-36.sh completed.
---------------------------------------
Executing U-37.sh at 2024-05-29 04:19:30...
---------------------------------------
Script: U-37.sh
Start Time: 2024-05-29 04:19:30
---------------------------------------
U-37.sh: line 13: netstat: command not found
========================================================================
[36m[U-37] Anonymous FTP ë¹„í™œì„±í™”[0m
[ì–‘í˜¸]: Anonymous FTP (ìµëª… ftp) ì ‘ì†ì„ ì°¨ë‹¨í•œ ê²½ìš°
[ì·¨ì•½]: Anonymous FTP (ìµëª… ftp) ì ‘ì†ì„ ì°¨ë‹¨í•˜ì§€ ì•Šì€ ê²½ìš°
========================================================================
[35m[ ì •ë³´ ] : U-37.log íŒŒì¼ì„ ì ê²€í•œë‹¤.[0m
[31m[ ì·¨ì•½ ] : FTP ì„œë¹„ìŠ¤ê°€ ì¡´ì¬í•©ë‹ˆë‹¤[0m
[32m[ ì–‘í˜¸ ] : vsftpd ì„œë¹„ìŠ¤ê°€ ë™ì‘ ì¤‘ì´ ì•„ë‹™ë‹ˆë‹¤.[0m


---------------------------------------
End Time: 2024-05-29 04:19:30
U-37.sh completed.
---------------------------------------
Executing U-38.sh at 2024-05-29 04:19:30...
---------------------------------------
Script: U-38.sh
Start Time: 2024-05-29 04:19:30
---------------------------------------
========================================================================
[36mr ê³„ì—´ ì„œë¹„ìŠ¤ ë¹„í™œì„±í™”[0m
[ì–‘í˜¸]: r ê³„ì—´ ì„œë¹„ìŠ¤ê°€ ë¹„í™œì„±í™” ë˜ì–´ ìˆëŠ” ê²½ìš°
[ì·¨ì•½]: r ê³„ì—´ ì„œë¹„ìŠ¤ê°€ í™œì„±í™” ë˜ì–´ ìˆëŠ” ê²½ìš°
========================================================================
[32m[ ì–‘í˜¸ ] : r ê³„ì—´ ì„œë¹„ìŠ¤ê°€ ë¹„í™œì„±íšŒ ë˜ì–´ ìˆìŠµë‹ˆë‹¤.[0m


---------------------------------------
End Time: 2024-05-29 04:19:31
U-38.sh completed.
---------------------------------------
Executing U-39.sh at 2024-05-29 04:19:31...
---------------------------------------
Script: U-39.sh
Start Time: 2024-05-29 04:19:31
---------------------------------------
cat: filepem.list: No such file or directory
========================================================================
[36mcron íŒŒì¼ ì†Œìœ ì ë° ê¶Œí•œ ì„¤ì •[0m
[ì–‘í˜¸]: cron ì ‘ê·¼ì œì–´ íŒŒì¼ ì†Œìœ ìê°€ rootì´ê³ , ê¶Œí•œì´ 640 ì´í•˜ì¸ ê²½ìš°
[ì·¨ì•½]: cron ì ‘ê·¼ì œì–´ íŒŒì¼ ì†Œìœ ìê°€ rootê°€ ì•„ë‹ˆê±°ë‚˜, ê¶Œí•œì´ 640 ì´í•˜ê°€ ì•„ë‹Œ ê²½ìš°
========================================================================
[32m[ ì–‘í˜¸ ] : cron ì ‘ê·¼ì œì–´ íŒŒì¼ ì†Œìœ ìê°€ rootì´ê³ , ê¶Œí•œì´ 640 ì´í•˜ì¸ ê²½ìš° ì…ë‹ˆë‹¤[0m
[35m[ ì •ë³´ ] : ìì„¸í•œ ì •ë³´ëŠ” U-39.log íŒŒì¼ì„ ì°¸ê³ í•´ ì£¼ì„¸ìš”.[0m


---------------------------------------
End Time: 2024-05-29 04:19:31
U-39.sh completed.
---------------------------------------
Executing U-40.sh at 2024-05-29 04:19:31...
---------------------------------------
Script: U-40.sh
Start Time: 2024-05-29 04:19:31
---------------------------------------
U-40.sh: line 2: MAIN1: command not found
U-40.sh: line 3: LIST3: command not found
U-40.sh: line 6: LEVEL: command not found
U-40.sh: line 12: PRINT1: command not found
U-40.sh: line 27: LINE: command not found
U-40.sh: line 42: LINE: command not found
U-40.sh: line 57: LINE: command not found
---------------------------------------
End Time: 2024-05-29 04:19:31
U-40.sh completed.
---------------------------------------
U-41.sh not found, skipping.
---------------------------------------
U-42.sh not found, skipping.
---------------------------------------
U-43.sh not found, skipping.
---------------------------------------
U-44.sh not found, skipping.
---------------------------------------
Executing U-45.sh at 2024-05-29 04:19:31...
---------------------------------------
Script: U-45.sh
Start Time: 2024-05-29 04:19:31
---------------------------------------
---------------------------------------
End Time: 2024-05-29 04:19:31
U-45.sh completed.
---------------------------------------
Executing U-46.sh at 2024-05-29 04:19:31...
---------------------------------------
Script: U-46.sh
Start Time: 2024-05-29 04:19:31
---------------------------------------
---------------------------------------
End Time: 2024-05-29 04:19:31
U-46.sh completed.
---------------------------------------
Executing U-47.sh at 2024-05-29 04:19:31...
---------------------------------------
Script: U-47.sh
Start Time: 2024-05-29 04:19:31
---------------------------------------
U-47.sh: line 19: [: ==: unary operator expected
---------------------------------------
End Time: 2024-05-29 04:19:32
U-47.sh completed.
---------------------------------------
Executing U-48.sh at 2024-05-29 04:19:32...
---------------------------------------
Script: U-48.sh
Start Time: 2024-05-29 04:19:32
---------------------------------------
cat: /etc/mail/sendmail.cf: No such file or directory
U-48.sh: line 19: [: ==: unary operator expected
---------------------------------------
End Time: 2024-05-29 04:19:32
U-48.sh completed.
---------------------------------------
Executing U-49.sh at 2024-05-29 04:19:32...
---------------------------------------
Script: U-49.sh
Start Time: 2024-05-29 04:19:32
---------------------------------------
grep: /etc/mail/sendmail.cf: No such file or directory
---------------------------------------
End Time: 2024-05-29 04:19:32
U-49.sh completed.
---------------------------------------
Executing U-50.sh at 2024-05-29 04:19:32...
---------------------------------------
Script: U-50.sh
Start Time: 2024-05-29 04:19:32
---------------------------------------
---------------------------------------
End Time: 2024-05-29 04:19:32
U-50.sh completed.
---------------------------------------
Executing U-51.sh at 2024-05-29 04:19:32...
---------------------------------------
Script: U-51.sh
Start Time: 2024-05-29 04:19:32
---------------------------------------
U-51.sh: line 11: ./log/U-51.log: No such file or directory
---------------------------------------
End Time: 2024-05-29 04:19:32
U-51.sh completed.
---------------------------------------
Executing U-52.sh at 2024-05-29 04:19:32...
---------------------------------------
Script: U-52.sh
Start Time: 2024-05-29 04:19:32
---------------------------------------
---------------------------------------
End Time: 2024-05-29 04:19:32
U-52.sh completed.
---------------------------------------
Executing U-53.sh at 2024-05-29 04:19:32...
---------------------------------------
Script: U-53.sh
Start Time: 2024-05-29 04:19:32
---------------------------------------
cat: /etc/httpd/conf/httpd.conf: No such file or directory
cat: /etc/httpd/conf/httpd.conf: No such file or directory
U-53.sh: line 14: [: =: unary operator expected
U-53.sh: line 17: [: =: unary operator expected
---------------------------------------
End Time: 2024-05-29 04:19:32
U-53.sh completed.
---------------------------------------
Executing U-54.sh at 2024-05-29 04:19:32...
---------------------------------------
Script: U-54.sh
Start Time: 2024-05-29 04:19:32
---------------------------------------
cat: /etc/httpd/conf/httpd.conf: No such file or directory
---------------------------------------
End Time: 2024-05-29 04:19:32
U-54.sh completed.
---------------------------------------
Executing U-55.sh at 2024-05-29 04:19:32...
---------------------------------------
Script: U-55.sh
Start Time: 2024-05-29 04:19:32
---------------------------------------
---------------------------------------
End Time: 2024-05-29 04:19:32
U-55.sh completed.
---------------------------------------
Executing U-56.sh at 2024-05-29 04:19:32...
---------------------------------------
Script: U-56.sh
Start Time: 2024-05-29 04:19:32
---------------------------------------
cat: /etc/httpd/conf/httpd.conf: No such file or directory
---------------------------------------
End Time: 2024-05-29 04:19:32
U-56.sh completed.
---------------------------------------
Executing U-57.sh at 2024-05-29 04:19:32...
---------------------------------------
Script: U-57.sh
Start Time: 2024-05-29 04:19:32
---------------------------------------
---------------------------------------
End Time: 2024-05-29 04:19:32
U-57.sh completed.
---------------------------------------
Executing U-58.sh at 2024-05-29 04:19:32...
---------------------------------------
Script: U-58.sh
Start Time: 2024-05-29 04:19:32
---------------------------------------
cat: /etc/httpd/conf/httpd.conf: No such file or directory
---------------------------------------
End Time: 2024-05-29 04:19:32
U-58.sh completed.
---------------------------------------
Executing U-59.sh at 2024-05-29 04:19:32...
---------------------------------------
Script: U-59.sh
Start Time: 2024-05-29 04:19:32
---------------------------------------
---------------------------------------
End Time: 2024-05-29 04:19:32
U-59.sh completed.
---------------------------------------
Executing U-60.sh at 2024-05-29 04:19:32...
---------------------------------------
Script: U-60.sh
Start Time: 2024-05-29 04:19:32
---------------------------------------
---------------------------------------
End Time: 2024-05-29 04:19:32
U-60.sh completed.
---------------------------------------
Executing U-61.sh at 2024-05-29 04:19:32...
---------------------------------------
Script: U-61.sh
Start Time: 2024-05-29 04:19:32
---------------------------------------
U-61.sh: line 11: [: too many arguments
---------------------------------------
End Time: 2024-05-29 04:19:32
U-61.sh completed.
---------------------------------------
Executing U-62.sh at 2024-05-29 04:19:32...
---------------------------------------
Script: U-62.sh
Start Time: 2024-05-29 04:19:32
---------------------------------------
U-62.sh: line 14: ./check_perm.sh: Permission denied
---------------------------------------
End Time: 2024-05-29 04:19:32
U-62.sh completed.
---------------------------------------
Executing U-63.sh at 2024-05-29 04:19:32...
---------------------------------------
Script: U-63.sh
Start Time: 2024-05-29 04:19:32
---------------------------------------
---------------------------------------
End Time: 2024-05-29 04:19:32
U-63.sh completed.
---------------------------------------
Executing U-64.sh at 2024-05-29 04:19:32...
---------------------------------------
Script: U-64.sh
Start Time: 2024-05-29 04:19:32
---------------------------------------
U-64.sh: line 17: ./check_perm.sh: Permission denied
U-64.sh: line 23: ./check_perm.sh: Permission denied
---------------------------------------
End Time: 2024-05-29 04:19:32
U-64.sh completed.
---------------------------------------
U-65.sh not found, skipping.
---------------------------------------
Executing U-66.sh at 2024-05-29 04:19:32...
---------------------------------------
Script: U-66.sh
Start Time: 2024-05-29 04:19:32
---------------------------------------
---------------------------------------
End Time: 2024-05-29 04:19:32
U-66.sh completed.
---------------------------------------
Executing U-67.sh at 2024-05-29 04:19:32...
---------------------------------------
Script: U-67.sh
Start Time: 2024-05-29 04:19:32
---------------------------------------
---------------------------------------
End Time: 2024-05-29 04:19:32
U-67.sh completed.
---------------------------------------
Executing U-68.sh at 2024-05-29 04:19:32...
---------------------------------------
Script: U-68.sh
Start Time: 2024-05-29 04:19:32
---------------------------------------
---------------------------------------
End Time: 2024-05-29 04:19:32
U-68.sh completed.
---------------------------------------
Executing U-69.sh at 2024-05-29 04:19:32...
---------------------------------------
Script: U-69.sh
Start Time: 2024-05-29 04:19:32
---------------------------------------
U-69.sh: line 14: ./check_perm.sh: Permission denied
---------------------------------------
End Time: 2024-05-29 04:19:32
U-69.sh completed.
---------------------------------------
Executing U-70.sh at 2024-05-29 04:19:32...
---------------------------------------
Script: U-70.sh
Start Time: 2024-05-29 04:19:32
---------------------------------------
---------------------------------------
End Time: 2024-05-29 04:19:32
U-70.sh completed.
---------------------------------------
Executing U-71.sh at 2024-05-29 04:19:32...
---------------------------------------
Script: U-71.sh
Start Time: 2024-05-29 04:19:32
---------------------------------------
---------------------------------------
End Time: 2024-05-29 04:19:32
U-71.sh completed.
---------------------------------------
Executing U-72.sh at 2024-05-29 04:19:32...
---------------------------------------
Script: U-72.sh
Start Time: 2024-05-29 04:19:32
---------------------------------------
---------------------------------------
End Time: 2024-05-29 04:19:32
U-72.sh completed.
---------------------------------------
Executing U-73.sh at 2024-05-29 04:19:32...
---------------------------------------
Script: U-73.sh
Start Time: 2024-05-29 04:19:32
---------------------------------------
U-73.sh: line 12: ./log/U-73.log: No such file or directory
U-73.sh: line 13: ./log/U-73.log: No such file or directory
cat: /etc/syslog.conf: No such file or directory
diff: ./log/U-73.log: No such file or directory
---------------------------------------
End Time: 2024-05-29 04:19:32
U-73.sh completed.
---------------------------------------
Executing U-74.sh at 2024-05-29 04:19:32...
---------------------------------------
Script: U-74.sh
Start Time: 2024-05-29 04:19:32
---------------------------------------
---------------------------------------
End Time: 2024-05-29 04:19:32
U-74.sh completed.
---------------------------------------
